e2scrub@host.domain.name
jonathan.davies@canonical.com
bryan.quigley@canonical.com
rene@debian.org
danieru.dressler@gmail.com
bryan.quigley@canonical.com
rene@debian.org
jamie@canonical.com
intrigeri@boum.org
bryan.quigley@canonical.com
rene@debian.org
jamie@canonical.com
bryan.quigley@canonical.com
rene@debian.org
martin.pitt@ubuntu.com
user@example.com
64x64@2.tar
128x128@2.tar
and1000@debian.org
kel@otaku42.de
devel@lists.alioth.debian.org
devel@lists.alioth.debian.org
kirkland@canonical.com
steve.langasek@canonical.com
kirkland@canonical.com
kirkland@canonical.com
brian@canonical.com
license@farsiweb.info
dave@mielke.cc
mike@piratehaven.org
jon@jon.demon.co.uk
garycramblitt@comcast.net
themuso@ubuntu.com
didier@slint.fr
listaddr1@gmx.net
gcasse@oralux.org
ruiandrebatista@gmail.com
themuso@themuso.com
gcasse@oralux.org
speechd@freebsoft.org
themuso@ubuntu.com
didier@slint.fr
obert01@mistigri.org
no.known.email@example.com
listaddr1@gmx.net
gcasse@oralux.org
ruiandrebatista@gmail.com
themuso@themuso.com
garycramblitt@comcast.net
listaddr1@gmx.net
gcasse@oralux.org
cmbrannon79@gmail.com
themuso@themuso.com
rpoitevin@hypra.fr
cwendling@hypra.fr
ruiandrebatista@gmail.com
Andrei.Kholodnyi@gmail.com
w.d.hubbs@gmail.com
trev.saunders@gmail.com
jmccann@redhat.com
fudge@thefudge.net
themuso@ubuntu.com
hussainmkj@gmail.com
cwendling@hypra.fr
rpoitevin@hypra.fr
no.known.email@example.com
osamu@debian.org
aron@debian.org
x@lists.debian.org
dave@mielke.cc
dave@mielke.cc
dave@mielke.cc
dave@mielke.cc
dave@mielke.cc
dave@mielke.cc
dave@mielke.cc
tomas.mardsjo@icap.nu
dave@mielke.cc
dave@mielke.cc
dave@mielke.cc
dave@mielke.cc
dave@mielke.cc
dave@mielke.cc
director@chpi.org
Leon.Ungier@ViewPlus.com
mramadan@nattiq.com
dave@mielke.cc
dave@mielke.cc
Leon.Ungier@ViewPlus.com
dave@mielke.cc
dave@mielke.cc
dave@mielke.cc
director@chpi.org
Leon.Ungier@ViewPlus.com
mramadan@nattiq.com
dave@mielke.cc
dave@mielke.cc
dave@mielke.cc
dave@mielke.cc
dave@mielke.cc
dave@mielke.cc
dave@mielke.cc
dave@mielke.cc
dave@mielke.cc
dave@mielke.cc
dave@mielke.cc
dave@mielke.cc
dave@mielke.cc
dave@mielke.cc
dave@mielke.cc
dave@mielke.cc
dave@mielke.cc
muzeo@wanadoo.fr
dave@mielke.cc
dave@mielke.cc
dave@mielke.cc
dave@mielke.cc
dave@mielke.cc
dave@mielke.cc
dave@mielke.cc
director@chpi.org
Leon.Ungier@ViewPlus.com
mramadan@nattiq.com
dave@mielke.cc
Leon.Ungier@ViewPlus.com
dave@mielke.cc
dave@mielke.cc
dave@mielke.cc
dave@mielke.cc
dave@mielke.cc
torma.zsolt@infoalap.hu
dave@mielke.cc
dave@mielke.cc
dave@mielke.cc
dave@mielke.cc
dave@mielke.cc
dave@mielke.cc
dave@mielke.cc
vtsaran@gmail.com
dave@mielke.cc
dave@mielke.cc
dave@mielke.cc
dave@mielke.cc
dave@mielke.cc
director@chpi.org
Leon.Ungier@ViewPlus.com
mramadan@nattiq.com
dave@mielke.cc
dave@mielke.cc
dave@mielke.cc
dave@mielke.cc
adikushnir@gmail.com
dave@mielke.cc
Leon.Ungier@ViewPlus.com
dave@mielke.cc
director@chpi.org
Leon.Ungier@ViewPlus.com
mramadan@nattiq.com
dave@mielke.cc
dave@mielke.cc
dave@mielke.cc
dave@mielke.cc
dave@mielke.cc
dave@mielke.cc
dave@mielke.cc
dave@mielke.cc
dave@mielke.cc
dave@mielke.cc
dave@mielke.cc
dave@mielke.cc
dave@mielke.cc
dave@mielke.cc
chlor@schou.dk
dave@mielke.cc
dave@mielke.cc
dave@mielke.cc
dave@mielke.cc
rq@akl.lt
dave@mielke.cc
dave@mielke.cc
dave@mielke.cc
mike.sivill@viewplus.com
dave@mielke.cc
buchal@brailcom.org
dave@mielke.cc
dave@mielke.cc
director@chpi.org
Leon.Ungier@ViewPlus.com
mramadan@nattiq.com
dave@mielke.cc
dave@mielke.cc
dave@mielke.cc
Leon.Ungier@ViewPlus.com
dave@mielke.cc
dave@mielke.cc
birkir@midstod.is
dave@mielke.cc
dave@mielke.cc
dave@mielke.cc
dave@mielke.cc
dave@mielke.cc
dave@mielke.cc
dave@mielke.cc
director@chpi.org
Leon.Ungier@ViewPlus.com
mramadan@nattiq.com
dave@mielke.cc
dave@mielke.cc
dave@mielke.cc
dave@mielke.cc
dave@mielke.cc
dave@mielke.cc
dave@mielke.cc
director@chpi.org
Leon.Ungier@ViewPlus.com
mramadan@nattiq.com
dave@mielke.cc
dave@mielke.cc
dave@mielke.cc
dave@mielke.cc
director@chpi.org
Leon.Ungier@ViewPlus.com
mramadan@nattiq.com
dave@mielke.cc
director@chpi.org
Leon.Ungier@ViewPlus.com
mramadan@nattiq.com
dave@mielke.cc
dave@mielke.cc
dave@mielke.cc
dave@mielke.cc
director@chpi.org
Leon.Ungier@ViewPlus.com
mramadan@nattiq.com
dave@mielke.cc
dave@mielke.cc
dave@mielke.cc
sable@users.sourceforge.net
dave@mielke.cc
dave@mielke.cc
dave@mielke.cc
dave@mielke.cc
dave@mielke.cc
sable@users.sourceforge.net
dave@mielke.cc
dave@mielke.cc
dave@mielke.cc
dave@mielke.cc
dave@mielke.cc
mlang@delysid.org
dave@mielke.cc
dave@mielke.cc
dave@mielke.cc
dave@mielke.cc
dave@mielke.cc
dave@mielke.cc
dave@mielke.cc
dave@mielke.cc
dave@mielke.cc
dave@mielke.cc
dave@mielke.cc
dave@mielke.cc
dave@mielke.cc
dave@mielke.cc
nico@fluxnic.net
dave@mielke.cc
dave@mielke.cc
mlang@delysid.org
dave@mielke.cc
dave@mielke.cc
dave@mielke.cc
nico@fluxnic.net
dave@mielke.cc
mlang@delysid.org
dave@mielke.cc
dave@mielke.cc
dave@mielke.cc
coscell@gmail.com
dave@mielke.cc
billh@gnome.org
dave@mielke.cc
dave@mielke.cc
mlang@delysid.org
dave@mielke.cc
dave@mielke.cc
dave@mielke.cc
director@chpi.org
dave@mielke.cc
dave@mielke.cc
dave@mielke.cc
dave@mielke.cc
dave@mielke.cc
mick@kulgan.net
dave@mielke.cc
rq@akl.lt
tadas.matus@gmail.com
dave@mielke.cc
dave@mielke.cc
dave@mielke.cc
dave@mielke.cc
dave@mielke.cc
dave@mielke.cc
dave@mielke.cc
dave@mielke.cc
dave@mielke.cc
dave@mielke.cc
dave@mielke.cc
dave@mielke.cc
dave@mielke.cc
dave@mielke.cc
dave@mielke.cc
dave@mielke.cc
dave@mielke.cc
dave@mielke.cc
dave@mielke.cc
dave@mielke.cc
dave@mielke.cc
dave@mielke.cc
dave@mielke.cc
dave@mielke.cc
dave@mielke.cc
dave@mielke.cc
dave@mielke.cc
dave@mielke.cc
dave@mielke.cc
dave@mielke.cc
dave@mielke.cc
dave@mielke.cc
dave@mielke.cc
dave@mielke.cc
dave@mielke.cc
dave@mielke.cc
dave@mielke.cc
dave@mielke.cc
dave@mielke.cc
dave@mielke.cc
dave@mielke.cc
dave@mielke.cc
dave@mielke.cc
dave@mielke.cc
dave@mielke.cc
dave@mielke.cc
dave@mielke.cc
dave@mielke.cc
dave@mielke.cc
dave@mielke.cc
dave@mielke.cc
dave@mielke.cc
dave@mielke.cc
dave@mielke.cc
dave@mielke.cc
dave@mielke.cc
dave@mielke.cc
dave@mielke.cc
yan@mistigri.org
dave@mielke.cc
dave@mielke.cc
dave@mielke.cc
dave@mielke.cc
dave@mielke.cc
dave@mielke.cc
dave@mielke.cc
dave@mielke.cc
dave@mielke.cc
dave@mielke.cc
dave@mielke.cc
dave@mielke.cc
dave@mielke.cc
dave@mielke.cc
dave@mielke.cc
dave@mielke.cc
dave@mielke.cc
dave@mielke.cc
dave@mielke.cc
dave@mielke.cc
dave@mielke.cc
dave@mielke.cc
dave@mielke.cc
dave@mielke.cc
dave@mielke.cc
dave@mielke.cc
dave@mielke.cc
dave@mielke.cc
dave@mielke.cc
dave@mielke.cc
dave@mielke.cc
dave@mielke.cc
dave@mielke.cc
dave@mielke.cc
dave@mielke.cc
dave@mielke.cc
dave@mielke.cc
dave@mielke.cc
dave@mielke.cc
dave@mielke.cc
dave@mielke.cc
dave@mielke.cc
dave@mielke.cc
dave@mielke.cc
dave@mielke.cc
dave@mielke.cc
dave@mielke.cc
dave@mielke.cc
dave@mielke.cc
dave@mielke.cc
dave@mielke.cc
dave@mielke.cc
dave@mielke.cc
dave@mielke.cc
dave@mielke.cc
dave@mielke.cc
dave@mielke.cc
dave@mielke.cc
dave@mielke.cc
dave@mielke.cc
dave@mielke.cc
dave@mielke.cc
dave@mielke.cc
dave@mielke.cc
dave@mielke.cc
dave@mielke.cc
dave@mielke.cc
dave@mielke.cc
dave@mielke.cc
dave@mielke.cc
dave@mielke.cc
dave@mielke.cc
dave@mielke.cc
dave@mielke.cc
dave@mielke.cc
dave@mielke.cc
dave@mielke.cc
dave@mielke.cc
dave@mielke.cc
dave@mielke.cc
dave@mielke.cc
dave@mielke.cc
dave@mielke.cc
dave@mielke.cc
dave@mielke.cc
dave@mielke.cc
dave@mielke.cc
dave@mielke.cc
dave@mielke.cc
dave@mielke.cc
dave@mielke.cc
dave@mielke.cc
dave@mielke.cc
dave@mielke.cc
dave@mielke.cc
dave@mielke.cc
dave@mielke.cc
dave@mielke.cc
dave@mielke.cc
dave@mielke.cc
dave@mielke.cc
dave@mielke.cc
dave@mielke.cc
dave@mielke.cc
dave@mielke.cc
dave@mielke.cc
dave@mielke.cc
dave@mielke.cc
dave@mielke.cc
dave@mielke.cc
dave@mielke.cc
dave@mielke.cc
dave@mielke.cc
dave@mielke.cc
dave@mielke.cc
dave@mielke.cc
dave@mielke.cc
dave@mielke.cc
dave@mielke.cc
dave@mielke.cc
dave@mielke.cc
dave@mielke.cc
dave@mielke.cc
dave@mielke.cc
dave@mielke.cc
dave@mielke.cc
dave@mielke.cc
dave@mielke.cc
dave@mielke.cc
dave@mielke.cc
dave@mielke.cc
dave@mielke.cc
dave@mielke.cc
dave@mielke.cc
dave@mielke.cc
dave@mielke.cc
dave@mielke.cc
dave@mielke.cc
dave@mielke.cc
dave@mielke.cc
dave@mielke.cc
dave@mielke.cc
dave@mielke.cc
dave@mielke.cc
dave@mielke.cc
dave@mielke.cc
dave@mielke.cc
dave@mielke.cc
dave@mielke.cc
dave@mielke.cc
dave@mielke.cc
dave@mielke.cc
dave@mielke.cc
dave@mielke.cc
dave@mielke.cc
dave@mielke.cc
dave@mielke.cc
dave@mielke.cc
dave@mielke.cc
dave@mielke.cc
dave@mielke.cc
dave@mielke.cc
dave@mielke.cc
dave@mielke.cc
dave@mielke.cc
gunnarhj@ubuntu.com
jensthi@ifi.uio.no
russ@scs.leeds.ac.uk
kurtz.alex@googlemail.com
hmh@debian.org
maint@lists.alioth.debian.org
maint@lists.alioth.debian.org
maint@lists.alioth.debian.org
maint@lists.alioth.debian.org
printing@lists.debian.org
steve.beattie@canonical.com
kees@ubuntu.com
biebl@debian.org
miquels@cistron.nl
hmh@rcm.org.br
rleigh@debian.org
miquels@cistron.nl
imurdock@gnu.ai.mit.edu
miquels@cistron.nl
tytso@mit.edu
bigon@debian.org
rmurray@debian.org
rob@mars.org
agi@inittab.org
mueller@teamix.net
ejad@debian.org
filippo@debian.org
iwamatsu@debian.org
walters@debian.org
sjoerd@debian.org
meskes@debian.org
jmknoble@mercury.interpath.net
alvar@meiko.co.uk
clameter@debian.org
frank@debian.org
64@openssh.com
gunnarhj@ubuntu.com
username@site.domain
jtang@tresys.com
naumann@unileoben.ac.at
edd@debian.org
jrv@vanzandt.mv.com
agmartin@debian.org
naumann@unileoben.ac.at
edd@debian.org
jrv@vanzandt.mv.com
jplejacq@quoininc.com
martin@piware.de
